<?xml version="1.0" encoding="UTF-8"?>
<!-- Generated by org.testng.reporters.JUnitXMLReporter -->
<testsuite ignored="0" hostname="AV-LADINV" failures="0" tests="16" name="Command line test" time="55.548" errors="0" timestamp="2020-02-13T15:20:02 EET">
  <testcase classname="alerts.AlertTest" name="testAcceptAlert" time="0.316"/>
  <testcase classname="alerts.AlertTest" name="testGetTextFromAlert" time="0.272"/>
  <testcase classname="alerts.AlertTest" name="testSetInputInAlert" time="0.294"/>
  <testcase classname="alerts.FileUploadTest" name="testFileUpload" time="2.013"/>
  <testcase classname="context.ContextTest" name="contextMenuTest" time="0.348"/>
  <testcase classname="dropdown.DropdownTest" name="testSelectOption" time="0.356"/>
  <testcase classname="frames.FrameTest" name="testWysiwyg" time="0.876"/>
  <testcase classname="hover.HoverTest" name="testHoverUser1" time="0.56"/>
  <testcase classname="javascript.JavaScriptTest" name="testScrollToFifthParagraph" time="0.94"/>
  <testcase classname="javascript.JavaScriptTest" name="testScrollToTable" time="0.4"/>
  <testcase classname="keys.KeysTest" name="testBackspace" time="0.289"/>
  <testcase classname="keys.KeysTest" name="testPi" time="0.243"/>
  <testcase classname="login.LoginTest" name="testSuccessfulLogin" time="0.854"/>
  <testcase classname="navigation.NavigationTest" name="switchTabTest" time="0.412"/>
  <testcase classname="navigation.NavigationTest" name="testNavigator" time="1.551"/>
  <testcase classname="wait.WaitTest" name="testWaitUntilHidden" time="5.644"/>
</testsuite> <!-- Command line test -->
