<?xml version="1.0" encoding="UTF-8"?>
<!-- Generated by org.testng.reporters.JUnitXMLReporter -->
<testsuite ignored="0" hostname="AV-LADINV" failures="0" tests="16" name="Command line test" time="70.966" errors="0" timestamp="2020-02-13T10:43:41 EET">
  <testcase classname="alerts.AlertTest" name="testAcceptAlert" time="0.324"/>
  <testcase classname="alerts.AlertTest" name="testGetTextFromAlert" time="0.259"/>
  <testcase classname="alerts.AlertTest" name="testSetInputInAlert" time="0.3"/>
  <testcase classname="alerts.FileUploadTest" name="testFileUpload" time="15.727"/>
  <testcase classname="context.ContextTest" name="contextMenuTest" time="0.368"/>
  <testcase classname="dropdown.DropdownTest" name="testSelectOption" time="0.364"/>
  <testcase classname="frames.FrameTest" name="testWysiwyg" time="0.93"/>
  <testcase classname="hover.HoverTest" name="testHoverUser1" time="0.537"/>
  <testcase classname="javascript.JavaScriptTest" name="testScrollToFifthParagraph" time="0.946"/>
  <testcase classname="javascript.JavaScriptTest" name="testScrollToTable" time="0.375"/>
  <testcase classname="keys.KeysTest" name="testBackspace" time="0.284"/>
  <testcase classname="keys.KeysTest" name="testPi" time="0.268"/>
  <testcase classname="login.LoginTest" name="testSuccessfulLogin" time="0.873"/>
  <testcase classname="navigation.NavigationTest" name="switchTabTest" time="0.414"/>
  <testcase classname="navigation.NavigationTest" name="testNavigator" time="1.54"/>
  <testcase classname="wait.WaitTest" name="testWaitUntilHidden" time="5.682"/>
</testsuite> <!-- Command line test -->
