<?xml version="1.0" encoding="UTF-8"?>
<testng-results ignored="0" total="16" passed="16" failed="0" skipped="0">
  <reporter-output>
  </reporter-output>
  <suite started-at="2020-02-13T10:42:30 EET" name="Command line suite" finished-at="2020-02-13T10:43:41 EET" duration-ms="70966">
    <groups>
    </groups>
    <test started-at="2020-02-13T10:42:30 EET" name="Command line test" finished-at="2020-02-13T10:43:41 EET" duration-ms="70966">
      <class name="navigation.NavigationTest">
        <test-method is-config="true" signature="setUp()[pri:0, instance:navigation.NavigationTest@36902638]" started-at="2020-02-13T10:43:25 EET" name="setUp" finished-at="2020-02-13T10:43:28 EET" duration-ms="3216" status="PASS">
          <reporter-output>
          </reporter-output>
        </test-method> <!-- setUp -->
        <test-method is-config="true" signature="goHome()[pri:0, instance:navigation.NavigationTest@36902638]" started-at="2020-02-13T10:43:28 EET" name="goHome" finished-at="2020-02-13T10:43:29 EET" duration-ms="177" status="PASS">
          <reporter-output>
          </reporter-output>
        </test-method> <!-- goHome -->
        <test-method signature="switchTabTest()[pri:0, instance:navigation.NavigationTest@36902638]" started-at="2020-02-13T10:43:29 EET" name="switchTabTest" finished-at="2020-02-13T10:43:29 EET" duration-ms="414" status="PASS">
          <reporter-output>
          </reporter-output>
        </test-method> <!-- switchTabTest -->
        <test-method is-config="true" signature="recordFailure(org.testng.ITestResult)[pri:0, instance:navigation.NavigationTest@36902638]" started-at="2020-02-13T10:43:29 EET" name="recordFailure" finished-at="2020-02-13T10:43:29 EET" duration-ms="0" status="PASS">
          <params>
            <param index="0">
              <value>
                <![CDATA[[TestResult name=switchTabTest status=SUCCESS method=NavigationTest.switchTabTest()[pri:0, instance:navigation.NavigationTest@36902638] output={null}]]]>
              </value>
            </param>
          </params>
          <reporter-output>
          </reporter-output>
        </test-method> <!-- recordFailure -->
        <test-method is-config="true" signature="goHome()[pri:0, instance:navigation.NavigationTest@36902638]" started-at="2020-02-13T10:43:29 EET" name="goHome" finished-at="2020-02-13T10:43:29 EET" duration-ms="178" status="PASS">
          <reporter-output>
          </reporter-output>
        </test-method> <!-- goHome -->
        <test-method signature="testNavigator()[pri:0, instance:navigation.NavigationTest@36902638]" started-at="2020-02-13T10:43:29 EET" name="testNavigator" finished-at="2020-02-13T10:43:31 EET" duration-ms="1540" status="PASS">
          <reporter-output>
          </reporter-output>
        </test-method> <!-- testNavigator -->
        <test-method is-config="true" signature="recordFailure(org.testng.ITestResult)[pri:0, instance:navigation.NavigationTest@36902638]" started-at="2020-02-13T10:43:31 EET" name="recordFailure" finished-at="2020-02-13T10:43:31 EET" duration-ms="1" status="PASS">
          <params>
            <param index="0">
              <value>
                <![CDATA[[TestResult name=testNavigator status=SUCCESS method=NavigationTest.testNavigator()[pri:0, instance:navigation.NavigationTest@36902638] output={null}]]]>
              </value>
            </param>
          </params>
          <reporter-output>
          </reporter-output>
        </test-method> <!-- recordFailure -->
        <test-method is-config="true" signature="tearDown()[pri:0, instance:navigation.NavigationTest@36902638]" started-at="2020-02-13T10:43:31 EET" name="tearDown" finished-at="2020-02-13T10:43:31 EET" duration-ms="547" status="PASS">
          <reporter-output>
          </reporter-output>
        </test-method> <!-- tearDown -->
      </class> <!-- navigation.NavigationTest -->
      <class name="keys.KeysTest">
        <test-method is-config="true" signature="setUp()[pri:0, instance:keys.KeysTest@49ec71f8]" started-at="2020-02-13T10:43:17 EET" name="setUp" finished-at="2020-02-13T10:43:19 EET" duration-ms="2709" status="PASS">
          <reporter-output>
          </reporter-output>
        </test-method> <!-- setUp -->
        <test-method is-config="true" signature="goHome()[pri:0, instance:keys.KeysTest@49ec71f8]" started-at="2020-02-13T10:43:19 EET" name="goHome" finished-at="2020-02-13T10:43:20 EET" duration-ms="176" status="PASS">
          <reporter-output>
          </reporter-output>
        </test-method> <!-- goHome -->
        <test-method signature="testBackspace()[pri:0, instance:keys.KeysTest@49ec71f8]" started-at="2020-02-13T10:43:20 EET" name="testBackspace" finished-at="2020-02-13T10:43:20 EET" duration-ms="284" status="PASS">
          <reporter-output>
          </reporter-output>
        </test-method> <!-- testBackspace -->
        <test-method is-config="true" signature="recordFailure(org.testng.ITestResult)[pri:0, instance:keys.KeysTest@49ec71f8]" started-at="2020-02-13T10:43:20 EET" name="recordFailure" finished-at="2020-02-13T10:43:20 EET" duration-ms="1" status="PASS">
          <params>
            <param index="0">
              <value>
                <![CDATA[[TestResult name=testBackspace status=SUCCESS method=KeysTest.testBackspace()[pri:0, instance:keys.KeysTest@49ec71f8] output={null}]]]>
              </value>
            </param>
          </params>
          <reporter-output>
          </reporter-output>
        </test-method> <!-- recordFailure -->
        <test-method is-config="true" signature="goHome()[pri:0, instance:keys.KeysTest@49ec71f8]" started-at="2020-02-13T10:43:20 EET" name="goHome" finished-at="2020-02-13T10:43:20 EET" duration-ms="165" status="PASS">
          <reporter-output>
          </reporter-output>
        </test-method> <!-- goHome -->
        <test-method signature="testPi()[pri:0, instance:keys.KeysTest@49ec71f8]" started-at="2020-02-13T10:43:20 EET" name="testPi" finished-at="2020-02-13T10:43:20 EET" duration-ms="268" status="PASS">
          <reporter-output>
          </reporter-output>
        </test-method> <!-- testPi -->
        <test-method is-config="true" signature="tearDown()[pri:0, instance:keys.KeysTest@49ec71f8]" started-at="2020-02-13T10:43:20 EET" name="tearDown" finished-at="2020-02-13T10:43:21 EET" duration-ms="544" status="PASS">
          <reporter-output>
          </reporter-output>
        </test-method> <!-- tearDown -->
        <test-method is-config="true" signature="recordFailure(org.testng.ITestResult)[pri:0, instance:keys.KeysTest@49ec71f8]" started-at="2020-02-13T10:43:20 EET" name="recordFailure" finished-at="2020-02-13T10:43:20 EET" duration-ms="0" status="PASS">
          <params>
            <param index="0">
              <value>
                <![CDATA[[TestResult name=testPi status=SUCCESS method=KeysTest.testPi()[pri:0, instance:keys.KeysTest@49ec71f8] output={null}]]]>
              </value>
            </param>
          </params>
          <reporter-output>
          </reporter-output>
        </test-method> <!-- recordFailure -->
      </class> <!-- keys.KeysTest -->
      <class name="wait.WaitTest">
        <test-method is-config="true" signature="setUp()[pri:0, instance:wait.WaitTest@223d2c72]" started-at="2020-02-13T10:43:31 EET" name="setUp" finished-at="2020-02-13T10:43:34 EET" duration-ms="3214" status="PASS">
          <reporter-output>
          </reporter-output>
        </test-method> <!-- setUp -->
        <test-method is-config="true" signature="goHome()[pri:0, instance:wait.WaitTest@223d2c72]" started-at="2020-02-13T10:43:34 EET" name="goHome" finished-at="2020-02-13T10:43:35 EET" duration-ms="179" status="PASS">
          <reporter-output>
          </reporter-output>
        </test-method> <!-- goHome -->
        <test-method signature="testWaitUntilHidden()[pri:0, instance:wait.WaitTest@223d2c72]" started-at="2020-02-13T10:43:35 EET" name="testWaitUntilHidden" finished-at="2020-02-13T10:43:40 EET" duration-ms="5682" status="PASS">
          <reporter-output>
          </reporter-output>
        </test-method> <!-- testWaitUntilHidden -->
        <test-method is-config="true" signature="recordFailure(org.testng.ITestResult)[pri:0, instance:wait.WaitTest@223d2c72]" started-at="2020-02-13T10:43:40 EET" name="recordFailure" finished-at="2020-02-13T10:43:40 EET" duration-ms="1" status="PASS">
          <params>
            <param index="0">
              <value>
                <![CDATA[[TestResult name=testWaitUntilHidden status=SUCCESS method=WaitTest.testWaitUntilHidden()[pri:0, instance:wait.WaitTest@223d2c72] output={null}]]]>
              </value>
            </param>
          </params>
          <reporter-output>
          </reporter-output>
        </test-method> <!-- recordFailure -->
        <test-method is-config="true" signature="tearDown()[pri:0, instance:wait.WaitTest@223d2c72]" started-at="2020-02-13T10:43:40 EET" name="tearDown" finished-at="2020-02-13T10:43:41 EET" duration-ms="544" status="PASS">
          <reporter-output>
          </reporter-output>
        </test-method> <!-- tearDown -->
      </class> <!-- wait.WaitTest -->
      <class name="alerts.AlertTest">
        <test-method is-config="true" signature="setUp()[pri:0, instance:alerts.AlertTest@3a93b025]" started-at="2020-02-13T10:42:30 EET" name="setUp" finished-at="2020-02-13T10:42:34 EET" duration-ms="3834" status="PASS">
          <reporter-output>
          </reporter-output>
        </test-method> <!-- setUp -->
        <test-method is-config="true" signature="goHome()[pri:0, instance:alerts.AlertTest@3a93b025]" started-at="2020-02-13T10:42:34 EET" name="goHome" finished-at="2020-02-13T10:42:34 EET" duration-ms="179" status="PASS">
          <reporter-output>
          </reporter-output>
        </test-method> <!-- goHome -->
        <test-method signature="testAcceptAlert()[pri:0, instance:alerts.AlertTest@3a93b025]" started-at="2020-02-13T10:42:34 EET" name="testAcceptAlert" finished-at="2020-02-13T10:42:34 EET" duration-ms="324" status="PASS">
          <reporter-output>
          </reporter-output>
        </test-method> <!-- testAcceptAlert -->
        <test-method is-config="true" signature="recordFailure(org.testng.ITestResult)[pri:0, instance:alerts.AlertTest@3a93b025]" started-at="2020-02-13T10:42:34 EET" name="recordFailure" finished-at="2020-02-13T10:42:34 EET" duration-ms="1" status="PASS">
          <params>
            <param index="0">
              <value>
                <![CDATA[[TestResult name=testAcceptAlert status=SUCCESS method=AlertTest.testAcceptAlert()[pri:0, instance:alerts.AlertTest@3a93b025] output={null}]]]>
              </value>
            </param>
          </params>
          <reporter-output>
          </reporter-output>
        </test-method> <!-- recordFailure -->
        <test-method is-config="true" signature="goHome()[pri:0, instance:alerts.AlertTest@3a93b025]" started-at="2020-02-13T10:42:34 EET" name="goHome" finished-at="2020-02-13T10:42:34 EET" duration-ms="180" status="PASS">
          <reporter-output>
          </reporter-output>
        </test-method> <!-- goHome -->
        <test-method signature="testGetTextFromAlert()[pri:0, instance:alerts.AlertTest@3a93b025]" started-at="2020-02-13T10:42:34 EET" name="testGetTextFromAlert" finished-at="2020-02-13T10:42:35 EET" duration-ms="259" status="PASS">
          <reporter-output>
          </reporter-output>
        </test-method> <!-- testGetTextFromAlert -->
        <test-method is-config="true" signature="goHome()[pri:0, instance:alerts.AlertTest@3a93b025]" started-at="2020-02-13T10:42:35 EET" name="goHome" finished-at="2020-02-13T10:42:35 EET" duration-ms="165" status="PASS">
          <reporter-output>
          </reporter-output>
        </test-method> <!-- goHome -->
        <test-method is-config="true" signature="recordFailure(org.testng.ITestResult)[pri:0, instance:alerts.AlertTest@3a93b025]" started-at="2020-02-13T10:42:35 EET" name="recordFailure" finished-at="2020-02-13T10:42:35 EET" duration-ms="0" status="PASS">
          <params>
            <param index="0">
              <value>
                <![CDATA[[TestResult name=testGetTextFromAlert status=SUCCESS method=AlertTest.testGetTextFromAlert()[pri:0, instance:alerts.AlertTest@3a93b025] output={null}]]]>
              </value>
            </param>
          </params>
          <reporter-output>
          </reporter-output>
        </test-method> <!-- recordFailure -->
        <test-method signature="testSetInputInAlert()[pri:0, instance:alerts.AlertTest@3a93b025]" started-at="2020-02-13T10:42:35 EET" name="testSetInputInAlert" finished-at="2020-02-13T10:42:35 EET" duration-ms="300" status="PASS">
          <reporter-output>
          </reporter-output>
        </test-method> <!-- testSetInputInAlert -->
        <test-method is-config="true" signature="tearDown()[pri:0, instance:alerts.AlertTest@3a93b025]" started-at="2020-02-13T10:42:35 EET" name="tearDown" finished-at="2020-02-13T10:42:36 EET" duration-ms="546" status="PASS">
          <reporter-output>
          </reporter-output>
        </test-method> <!-- tearDown -->
        <test-method is-config="true" signature="recordFailure(org.testng.ITestResult)[pri:0, instance:alerts.AlertTest@3a93b025]" started-at="2020-02-13T10:42:35 EET" name="recordFailure" finished-at="2020-02-13T10:42:35 EET" duration-ms="0" status="PASS">
          <params>
            <param index="0">
              <value>
                <![CDATA[[TestResult name=testSetInputInAlert status=SUCCESS method=AlertTest.testSetInputInAlert()[pri:0, instance:alerts.AlertTest@3a93b025] output={null}]]]>
              </value>
            </param>
          </params>
          <reporter-output>
          </reporter-output>
        </test-method> <!-- recordFailure -->
      </class> <!-- alerts.AlertTest -->
      <class name="dropdown.DropdownTest">
        <test-method is-config="true" signature="setUp()[pri:0, instance:dropdown.DropdownTest@1189dd52]" started-at="2020-02-13T10:42:59 EET" name="setUp" finished-at="2020-02-13T10:43:02 EET" duration-ms="2742" status="PASS">
          <reporter-output>
          </reporter-output>
        </test-method> <!-- setUp -->
        <test-method is-config="true" signature="goHome()[pri:0, instance:dropdown.DropdownTest@1189dd52]" started-at="2020-02-13T10:43:02 EET" name="goHome" finished-at="2020-02-13T10:43:02 EET" duration-ms="179" status="PASS">
          <reporter-output>
          </reporter-output>
        </test-method> <!-- goHome -->
        <test-method signature="testSelectOption()[pri:0, instance:dropdown.DropdownTest@1189dd52]" started-at="2020-02-13T10:43:02 EET" name="testSelectOption" finished-at="2020-02-13T10:43:02 EET" duration-ms="364" status="PASS">
          <reporter-output>
          </reporter-output>
        </test-method> <!-- testSelectOption -->
        <test-method is-config="true" signature="recordFailure(org.testng.ITestResult)[pri:0, instance:dropdown.DropdownTest@1189dd52]" started-at="2020-02-13T10:43:02 EET" name="recordFailure" finished-at="2020-02-13T10:43:02 EET" duration-ms="0" status="PASS">
          <params>
            <param index="0">
              <value>
                <![CDATA[[TestResult name=testSelectOption status=SUCCESS method=DropdownTest.testSelectOption()[pri:0, instance:dropdown.DropdownTest@1189dd52] output={null}]]]>
              </value>
            </param>
          </params>
          <reporter-output>
          </reporter-output>
        </test-method> <!-- recordFailure -->
        <test-method is-config="true" signature="tearDown()[pri:0, instance:dropdown.DropdownTest@1189dd52]" started-at="2020-02-13T10:43:02 EET" name="tearDown" finished-at="2020-02-13T10:43:03 EET" duration-ms="547" status="PASS">
          <reporter-output>
          </reporter-output>
        </test-method> <!-- tearDown -->
      </class> <!-- dropdown.DropdownTest -->
      <class name="context.ContextTest">
        <test-method is-config="true" signature="setUp()[pri:0, instance:context.ContextTest@7e07db1f]" started-at="2020-02-13T10:42:55 EET" name="setUp" finished-at="2020-02-13T10:42:58 EET" duration-ms="2734" status="PASS">
          <reporter-output>
          </reporter-output>
        </test-method> <!-- setUp -->
        <test-method is-config="true" signature="goHome()[pri:0, instance:context.ContextTest@7e07db1f]" started-at="2020-02-13T10:42:58 EET" name="goHome" finished-at="2020-02-13T10:42:58 EET" duration-ms="181" status="PASS">
          <reporter-output>
          </reporter-output>
        </test-method> <!-- goHome -->
        <test-method signature="contextMenuTest()[pri:0, instance:context.ContextTest@7e07db1f]" started-at="2020-02-13T10:42:58 EET" name="contextMenuTest" finished-at="2020-02-13T10:42:59 EET" duration-ms="368" status="PASS">
          <reporter-output>
          </reporter-output>
        </test-method> <!-- contextMenuTest -->
        <test-method is-config="true" signature="recordFailure(org.testng.ITestResult)[pri:0, instance:context.ContextTest@7e07db1f]" started-at="2020-02-13T10:42:59 EET" name="recordFailure" finished-at="2020-02-13T10:42:59 EET" duration-ms="1" status="PASS">
          <params>
            <param index="0">
              <value>
                <![CDATA[[TestResult name=contextMenuTest status=SUCCESS method=ContextTest.contextMenuTest()[pri:0, instance:context.ContextTest@7e07db1f] output={null}]]]>
              </value>
            </param>
          </params>
          <reporter-output>
          </reporter-output>
        </test-method> <!-- recordFailure -->
        <test-method is-config="true" signature="tearDown()[pri:0, instance:context.ContextTest@7e07db1f]" started-at="2020-02-13T10:42:59 EET" name="tearDown" finished-at="2020-02-13T10:42:59 EET" duration-ms="543" status="PASS">
          <reporter-output>
          </reporter-output>
        </test-method> <!-- tearDown -->
      </class> <!-- context.ContextTest -->
      <class name="hover.HoverTest">
        <test-method is-config="true" signature="setUp()[pri:0, instance:hover.HoverTest@564fabc8]" started-at="2020-02-13T10:43:07 EET" name="setUp" finished-at="2020-02-13T10:43:10 EET" duration-ms="3015" status="PASS">
          <reporter-output>
          </reporter-output>
        </test-method> <!-- setUp -->
        <test-method is-config="true" signature="goHome()[pri:0, instance:hover.HoverTest@564fabc8]" started-at="2020-02-13T10:43:10 EET" name="goHome" finished-at="2020-02-13T10:43:11 EET" duration-ms="179" status="PASS">
          <reporter-output>
          </reporter-output>
        </test-method> <!-- goHome -->
        <test-method signature="testHoverUser1()[pri:0, instance:hover.HoverTest@564fabc8]" started-at="2020-02-13T10:43:11 EET" name="testHoverUser1" finished-at="2020-02-13T10:43:11 EET" duration-ms="537" status="PASS">
          <reporter-output>
          </reporter-output>
        </test-method> <!-- testHoverUser1 -->
        <test-method is-config="true" signature="recordFailure(org.testng.ITestResult)[pri:0, instance:hover.HoverTest@564fabc8]" started-at="2020-02-13T10:43:11 EET" name="recordFailure" finished-at="2020-02-13T10:43:11 EET" duration-ms="1" status="PASS">
          <params>
            <param index="0">
              <value>
                <![CDATA[[TestResult name=testHoverUser1 status=SUCCESS method=HoverTest.testHoverUser1()[pri:0, instance:hover.HoverTest@564fabc8] output={null}]]]>
              </value>
            </param>
          </params>
          <reporter-output>
          </reporter-output>
        </test-method> <!-- recordFailure -->
        <test-method is-config="true" signature="tearDown()[pri:0, instance:hover.HoverTest@564fabc8]" started-at="2020-02-13T10:43:11 EET" name="tearDown" finished-at="2020-02-13T10:43:12 EET" duration-ms="546" status="PASS">
          <reporter-output>
          </reporter-output>
        </test-method> <!-- tearDown -->
      </class> <!-- hover.HoverTest -->
      <class name="javascript.JavaScriptTest">
        <test-method is-config="true" signature="setUp()[pri:0, instance:javascript.JavaScriptTest@16d04d3d]" started-at="2020-02-13T10:43:12 EET" name="setUp" finished-at="2020-02-13T10:43:14 EET" duration-ms="2752" status="PASS">
          <reporter-output>
          </reporter-output>
        </test-method> <!-- setUp -->
        <test-method is-config="true" signature="goHome()[pri:0, instance:javascript.JavaScriptTest@16d04d3d]" started-at="2020-02-13T10:43:14 EET" name="goHome" finished-at="2020-02-13T10:43:15 EET" duration-ms="177" status="PASS">
          <reporter-output>
          </reporter-output>
        </test-method> <!-- goHome -->
        <test-method signature="testScrollToFifthParagraph()[pri:0, instance:javascript.JavaScriptTest@16d04d3d]" started-at="2020-02-13T10:43:15 EET" name="testScrollToFifthParagraph" finished-at="2020-02-13T10:43:16 EET" duration-ms="946" status="PASS">
          <reporter-output>
          </reporter-output>
        </test-method> <!-- testScrollToFifthParagraph -->
        <test-method is-config="true" signature="recordFailure(org.testng.ITestResult)[pri:0, instance:javascript.JavaScriptTest@16d04d3d]" started-at="2020-02-13T10:43:16 EET" name="recordFailure" finished-at="2020-02-13T10:43:16 EET" duration-ms="0" status="PASS">
          <params>
            <param index="0">
              <value>
                <![CDATA[[TestResult name=testScrollToFifthParagraph status=SUCCESS method=JavaScriptTest.testScrollToFifthParagraph()[pri:0, instance:javascript.JavaScriptTest@16d04d3d] output={null}]]]>
              </value>
            </param>
          </params>
          <reporter-output>
          </reporter-output>
        </test-method> <!-- recordFailure -->
        <test-method is-config="true" signature="goHome()[pri:0, instance:javascript.JavaScriptTest@16d04d3d]" started-at="2020-02-13T10:43:16 EET" name="goHome" finished-at="2020-02-13T10:43:16 EET" duration-ms="165" status="PASS">
          <reporter-output>
          </reporter-output>
        </test-method> <!-- goHome -->
        <test-method signature="testScrollToTable()[pri:0, instance:javascript.JavaScriptTest@16d04d3d]" started-at="2020-02-13T10:43:16 EET" name="testScrollToTable" finished-at="2020-02-13T10:43:16 EET" duration-ms="375" status="PASS">
          <reporter-output>
          </reporter-output>
        </test-method> <!-- testScrollToTable -->
        <test-method is-config="true" signature="tearDown()[pri:0, instance:javascript.JavaScriptTest@16d04d3d]" started-at="2020-02-13T10:43:16 EET" name="tearDown" finished-at="2020-02-13T10:43:17 EET" duration-ms="543" status="PASS">
          <reporter-output>
          </reporter-output>
        </test-method> <!-- tearDown -->
        <test-method is-config="true" signature="recordFailure(org.testng.ITestResult)[pri:0, instance:javascript.JavaScriptTest@16d04d3d]" started-at="2020-02-13T10:43:16 EET" name="recordFailure" finished-at="2020-02-13T10:43:16 EET" duration-ms="0" status="PASS">
          <params>
            <param index="0">
              <value>
                <![CDATA[[TestResult name=testScrollToTable status=SUCCESS method=JavaScriptTest.testScrollToTable()[pri:0, instance:javascript.JavaScriptTest@16d04d3d] output={null}]]]>
              </value>
            </param>
          </params>
          <reporter-output>
          </reporter-output>
        </test-method> <!-- recordFailure -->
      </class> <!-- javascript.JavaScriptTest -->
      <class name="login.LoginTest">
        <test-method is-config="true" signature="setUp()[pri:0, instance:login.LoginTest@1d2adfbe]" started-at="2020-02-13T10:43:21 EET" name="setUp" finished-at="2020-02-13T10:43:24 EET" duration-ms="2744" status="PASS">
          <reporter-output>
          </reporter-output>
        </test-method> <!-- setUp -->
        <test-method is-config="true" signature="goHome()[pri:0, instance:login.LoginTest@1d2adfbe]" started-at="2020-02-13T10:43:24 EET" name="goHome" finished-at="2020-02-13T10:43:24 EET" duration-ms="192" status="PASS">
          <reporter-output>
          </reporter-output>
        </test-method> <!-- goHome -->
        <test-method signature="testSuccessfulLogin()[pri:0, instance:login.LoginTest@1d2adfbe]" started-at="2020-02-13T10:43:24 EET" name="testSuccessfulLogin" finished-at="2020-02-13T10:43:25 EET" duration-ms="873" status="PASS">
          <reporter-output>
          </reporter-output>
        </test-method> <!-- testSuccessfulLogin -->
        <test-method is-config="true" signature="recordFailure(org.testng.ITestResult)[pri:0, instance:login.LoginTest@1d2adfbe]" started-at="2020-02-13T10:43:25 EET" name="recordFailure" finished-at="2020-02-13T10:43:25 EET" duration-ms="0" status="PASS">
          <params>
            <param index="0">
              <value>
                <![CDATA[[TestResult name=testSuccessfulLogin status=SUCCESS method=LoginTest.testSuccessfulLogin()[pri:0, instance:login.LoginTest@1d2adfbe] output={null}]]]>
              </value>
            </param>
          </params>
          <reporter-output>
          </reporter-output>
        </test-method> <!-- recordFailure -->
        <test-method is-config="true" signature="tearDown()[pri:0, instance:login.LoginTest@1d2adfbe]" started-at="2020-02-13T10:43:25 EET" name="tearDown" finished-at="2020-02-13T10:43:25 EET" duration-ms="545" status="PASS">
          <reporter-output>
          </reporter-output>
        </test-method> <!-- tearDown -->
      </class> <!-- login.LoginTest -->
      <class name="frames.FrameTest">
        <test-method is-config="true" signature="setUp()[pri:0, instance:frames.FrameTest@36bc55de]" started-at="2020-02-13T10:43:03 EET" name="setUp" finished-at="2020-02-13T10:43:06 EET" duration-ms="2779" status="PASS">
          <reporter-output>
          </reporter-output>
        </test-method> <!-- setUp -->
        <test-method is-config="true" signature="goHome()[pri:0, instance:frames.FrameTest@36bc55de]" started-at="2020-02-13T10:43:06 EET" name="goHome" finished-at="2020-02-13T10:43:06 EET" duration-ms="183" status="PASS">
          <reporter-output>
          </reporter-output>
        </test-method> <!-- goHome -->
        <test-method signature="testWysiwyg()[pri:0, instance:frames.FrameTest@36bc55de]" started-at="2020-02-13T10:43:06 EET" name="testWysiwyg" finished-at="2020-02-13T10:43:07 EET" duration-ms="930" status="PASS">
          <reporter-output>
          </reporter-output>
        </test-method> <!-- testWysiwyg -->
        <test-method is-config="true" signature="recordFailure(org.testng.ITestResult)[pri:0, instance:frames.FrameTest@36bc55de]" started-at="2020-02-13T10:43:07 EET" name="recordFailure" finished-at="2020-02-13T10:43:07 EET" duration-ms="1" status="PASS">
          <params>
            <param index="0">
              <value>
                <![CDATA[[TestResult name=testWysiwyg status=SUCCESS method=FrameTest.testWysiwyg()[pri:0, instance:frames.FrameTest@36bc55de] output={null}]]]>
              </value>
            </param>
          </params>
          <reporter-output>
          </reporter-output>
        </test-method> <!-- recordFailure -->
        <test-method is-config="true" signature="tearDown()[pri:0, instance:frames.FrameTest@36bc55de]" started-at="2020-02-13T10:43:07 EET" name="tearDown" finished-at="2020-02-13T10:43:07 EET" duration-ms="546" status="PASS">
          <reporter-output>
          </reporter-output>
        </test-method> <!-- tearDown -->
      </class> <!-- frames.FrameTest -->
      <class name="alerts.FileUploadTest">
        <test-method is-config="true" signature="setUp()[pri:0, instance:alerts.FileUploadTest@35cabb2a]" started-at="2020-02-13T10:42:36 EET" name="setUp" finished-at="2020-02-13T10:42:39 EET" duration-ms="3159" status="PASS">
          <reporter-output>
          </reporter-output>
        </test-method> <!-- setUp -->
        <test-method is-config="true" signature="goHome()[pri:0, instance:alerts.FileUploadTest@35cabb2a]" started-at="2020-02-13T10:42:39 EET" name="goHome" finished-at="2020-02-13T10:42:39 EET" duration-ms="194" status="PASS">
          <reporter-output>
          </reporter-output>
        </test-method> <!-- goHome -->
        <test-method signature="testFileUpload()[pri:0, instance:alerts.FileUploadTest@35cabb2a]" started-at="2020-02-13T10:42:39 EET" name="testFileUpload" finished-at="2020-02-13T10:42:55 EET" duration-ms="15727" status="PASS">
          <reporter-output>
          </reporter-output>
        </test-method> <!-- testFileUpload -->
        <test-method is-config="true" signature="recordFailure(org.testng.ITestResult)[pri:0, instance:alerts.FileUploadTest@35cabb2a]" started-at="2020-02-13T10:42:55 EET" name="recordFailure" finished-at="2020-02-13T10:42:55 EET" duration-ms="0" status="PASS">
          <params>
            <param index="0">
              <value>
                <![CDATA[[TestResult name=testFileUpload status=SUCCESS method=FileUploadTest.testFileUpload()[pri:0, instance:alerts.FileUploadTest@35cabb2a] output={null}]]]>
              </value>
            </param>
          </params>
          <reporter-output>
          </reporter-output>
        </test-method> <!-- recordFailure -->
        <test-method is-config="true" signature="tearDown()[pri:0, instance:alerts.FileUploadTest@35cabb2a]" started-at="2020-02-13T10:42:55 EET" name="tearDown" finished-at="2020-02-13T10:42:55 EET" duration-ms="544" status="PASS">
          <reporter-output>
          </reporter-output>
        </test-method> <!-- tearDown -->
      </class> <!-- alerts.FileUploadTest -->
    </test> <!-- Command line test -->
  </suite> <!-- Command line suite -->
</testng-results>
